Sep-22 12:50:04.002 [main] DEBUG nextflow.cli.Launcher - $> nextflow test.nf
Sep-22 12:50:04.177 [main] INFO  nextflow.cli.CmdRun - N E X T F L O W  ~  version 20.10.0
Sep-22 12:50:04.190 [main] INFO  nextflow.cli.CmdRun - Launching `test.nf` [sad_einstein] - revision: 4fc0134061
Sep-22 12:50:04.389 [main] DEBUG nextflow.Session - Session uuid: 531e164c-b420-4f96-b45b-a1a513e2466c
Sep-22 12:50:04.389 [main] DEBUG nextflow.Session - Run name: sad_einstein
Sep-22 12:50:04.392 [main] DEBUG nextflow.Session - Executor pool size: 16
Sep-22 12:50:04.418 [main] DEBUG nextflow.cli.CmdRun - 
  Version: 20.10.0 build 5430
  Created: 01-11-2020 15:14 UTC (08:14 MDT)
  System: Linux 3.10.0-1160.36.2.el7.x86_64
  Runtime: Groovy 3.0.5 on Java HotSpot(TM) 64-Bit Server VM 1.8.0_112-b15
  Encoding: UTF-8 (UTF-8)
  Process: 29624@lonepeak1 [10.242.128.221]
  CPUs: 16 - Mem: 23.5 GB (9.3 GB) - Swap: 12 GB (12 GB)
Sep-22 12:50:04.451 [main] DEBUG nextflow.Session - Work-dir: /uufs/chpc.utah.edu/common/home/u0854535/workflows/RNASeq/RNASeq_Pipeline/kingspeak/work [nfs]
Sep-22 12:50:04.451 [main] DEBUG nextflow.Session - Script base path does not exist or is not a directory: /uufs/chpc.utah.edu/common/home/u0854535/workflows/RNASeq/RNASeq_Pipeline/kingspeak/bin
Sep-22 12:50:04.566 [main] DEBUG nextflow.Session - Observer factory: TowerFactory
Sep-22 12:50:04.571 [main] DEBUG nextflow.Session - Observer factory: DefaultObserverFactory
Sep-22 12:50:04.904 [main] DEBUG nextflow.Session - Session start invoked
Sep-22 12:50:06.384 [main] DEBUG nextflow.script.ScriptRunner - > Launching execution
Sep-22 12:50:06.424 [main] DEBUG nextflow.Session - Workflow process names [dsl1]: deseq2
Sep-22 12:50:06.484 [main] DEBUG nextflow.executor.ExecutorFactory - << taskConfig executor: null
Sep-22 12:50:06.484 [main] DEBUG nextflow.executor.ExecutorFactory - >> processorType: 'local'
Sep-22 12:50:06.490 [main] DEBUG nextflow.executor.Executor - [warm up] executor > local
Sep-22 12:50:06.496 [main] DEBUG n.processor.LocalPollingMonitor - Creating local task monitor for executor 'local' > cpus=16; memory=23.5 GB; capacity=16; pollInterval=100ms; dumpInterval=5m
Sep-22 12:50:06.679 [main] DEBUG nextflow.script.ScriptRunner - > Await termination 
Sep-22 12:50:06.679 [main] DEBUG nextflow.Session - Session await
Sep-22 12:50:06.839 [Task submitter] DEBUG nextflow.executor.LocalTaskHandler - Launch cmd line: /bin/bash -ue .command.run
Sep-22 12:50:06.845 [Task submitter] INFO  nextflow.Session - [55/1fcf02] Submitted process > deseq2
Sep-22 12:50:06.901 [Task monitor] DEBUG n.processor.TaskPollingMonitor - Task completed > TaskHandler[id: 1; name: deseq2; status: COMPLETED; exit: 0; error: -; workDir: /uufs/chpc.utah.edu/common/home/u0854535/workflows/RNASeq/RNASeq_Pipeline/kingspeak/work/55/1fcf02f6743cab0dbf83aed4ce15c9]
Sep-22 12:50:06.913 [main] DEBUG nextflow.Session - Session await > all process finished
Sep-22 12:50:06.989 [main] DEBUG nextflow.Session - Session await > all barriers passed
Sep-22 12:50:06.998 [main] DEBUG nextflow.trace.WorkflowStatsObserver - Workflow completed > WorkflowStats[succeededCount=1; failedCount=0; ignoredCount=0; cachedCount=0; pendingCount=0; submittedCount=0; runningCount=0; retriesCount=0; abortedCount=0; succeedDuration=5ms; failedDuration=0ms; cachedDuration=0ms;loadCpus=0; loadMemory=0; peakRunning=1; peakCpus=1; peakMemory=0; ]
Sep-22 12:50:07.064 [main] DEBUG nextflow.CacheDB - Closing CacheDB done
Sep-22 12:50:07.083 [main] DEBUG nextflow.script.ScriptRunner - > Execution complete -- Goodbye
