           Time    Speed        Read     Read   Mapped   Mapped   Mapped   Mapped Unmapped Unmapped Unmapped Unmapped
                    M/hr      number   length   unique   length   MMrate    multi   multi+       MM    short    other
Aug 25 11:54:53	Started 1st pass mapping
Aug 25 11:55:12     16.7       87932      294    91.0%    290.7     0.4%     2.9%     0.0%     0.0%     6.0%     0.0%
Aug 25 11:56:12    618.5    13573535      293    76.0%    291.0     0.4%    18.1%     0.2%     0.0%     5.6%     0.0%
Aug 25 11:57:12    699.5    27006838      293    75.3%    291.0     0.4%    18.1%     0.2%     0.0%     6.3%     0.1%
Aug 25 11:58:12    752.0    41568035      291    71.1%    290.0     0.4%    22.6%     0.3%     0.0%     5.9%     0.1%
Aug 25 11:59:12    769.7    55376350      292    70.1%    290.3     0.4%    23.6%     0.3%     0.0%     6.0%     0.1%
Aug 25 11:59:44	Finished 1st pass mapping
Aug 25 12:02:47    131.2     2187016      294    86.5%    291.1     0.4%     6.4%     0.2%     0.0%     6.7%     0.1%
Aug 25 12:03:55    157.7     5608131      293    81.5%    291.0     0.4%    10.8%     0.4%     0.0%     7.2%     0.1%
Aug 25 12:04:55    174.4     9106392      293    83.2%    291.0     0.4%     9.2%     0.3%     0.0%     7.1%     0.1%
Aug 25 12:05:56    179.7    12425868      293    82.0%    290.9     0.4%    10.4%     0.4%     0.0%     7.1%     0.1%
Aug 25 12:07:02    165.9    14516370      293    81.0%    290.9     0.4%    11.4%     0.4%     0.0%     7.1%     0.1%
Aug 25 12:08:02    168.7    17574293      293    79.5%    290.9     0.4%    12.8%     0.5%     0.0%     7.1%     0.1%
Aug 25 12:09:06    166.3    20283341      293    79.3%    290.9     0.4%    12.8%     0.5%     0.0%     7.3%     0.1%
Aug 25 12:10:08    166.4    23161286      293    79.0%    290.9     0.4%    12.5%     0.5%     0.0%     7.9%     0.1%
Aug 25 12:11:10    164.9    25781041      293    79.1%    290.9     0.4%    12.5%     0.5%     0.0%     7.8%     0.1%
Aug 25 12:12:12    168.6    29272454      293    77.5%    290.9     0.4%    14.1%     0.6%     0.0%     7.7%     0.1%
Aug 25 12:13:12    163.0    31024463      293    76.8%    290.8     0.4%    14.6%     0.6%     0.0%     7.8%     0.1%
Aug 25 12:14:15    156.5    32514761      293    76.9%    290.8     0.4%    14.6%     0.6%     0.0%     7.8%     0.1%
Aug 25 12:15:19    150.7    33997307      293    76.4%    290.8     0.4%    15.0%     0.6%     0.0%     7.8%     0.1%
Aug 25 12:16:22    147.8    35923876      293    75.7%    290.8     0.4%    15.6%     0.7%     0.0%     7.8%     0.1%
Aug 25 12:17:25    143.7    37444147      291    75.3%    289.8     0.4%    15.8%     0.7%     0.0%     8.1%     0.1%
Aug 25 12:18:25    144.5    40072277      291    73.9%    289.8     0.4%    17.1%     0.8%     0.0%     8.0%     0.1%
Aug 25 12:19:25    145.3    42710281      291    73.2%    289.8     0.4%    17.8%     0.9%     0.0%     8.1%     0.1%
Aug 25 12:20:32    146.7    45849058      292    73.4%    289.9     0.4%    17.6%     0.9%     0.0%     8.0%     0.1%
Aug 25 12:21:33    145.3    47867365      292    72.6%    289.9     0.4%    18.4%     0.9%     0.0%     8.0%     0.1%
Aug 25 12:22:33    146.4    50663842      292    72.2%    290.0     0.4%    18.7%     1.0%     0.0%     8.0%     0.1%
Aug 25 12:23:35    146.2    53106292      292    72.1%    290.1     0.4%    18.7%     1.1%     0.0%     7.9%     0.1%
Aug 25 12:24:37    144.4    54936669      292    72.5%    290.1     0.4%    18.4%     1.1%     0.0%     7.9%     0.1%
Aug 25 12:25:45    142.6    56941086      292    72.3%    290.1     0.4%    18.5%     1.1%     0.0%     8.0%     0.1%
Aug 25 12:26:45    140.4    58422709      292    72.1%    290.1     0.4%    18.7%     1.1%     0.0%     8.0%     0.1%
Aug 25 12:27:45    139.2    60261638      292    71.7%    290.1     0.4%    19.1%     1.1%     0.0%     8.0%     0.2%
Aug 25 12:28:51    134.9    60872159      292    71.3%    290.1     0.4%    19.4%     1.1%     0.0%     8.0%     0.2%
Aug 25 12:30:04    129.5    61046755      292    71.2%    290.1     0.4%    19.5%     1.1%     0.0%     8.0%     0.2%
Aug 25 12:31:20    124.9    61491530      292    70.8%    290.1     0.4%    19.8%     1.2%     0.0%     8.0%     0.2%
Aug 25 12:32:50    119.7    61927254      292    70.4%    290.1     0.4%    20.2%     1.2%     0.0%     8.0%     0.2%
Aug 25 12:34:03    115.5    62109808      292    70.2%    290.1     0.4%    20.3%     1.2%     0.0%     8.1%     0.2%
Aug 25 12:35:19    111.5    62292293      292    70.0%    290.1     0.4%    20.5%     1.2%     0.0%     8.1%     0.2%
Aug 25 12:47:40     81.5    62292293      292    70.0%    290.1     0.4%    20.5%     1.2%     0.0%     8.1%     0.2%
ALL DONE!
